<?xml version="1.0" encoding="UTF-8"?>
<testsuite xmlns:xsi="http://www.w3.org/2001/XMLSchema-instance" xsi:noNamespaceSchemaLocation="https://maven.apache.org/surefire/maven-surefire-plugin/xsd/surefire-test-report.xsd" name="avs.manager.demo.AvsPublisherApplicationTests" time="2.255" tests="1" errors="0" skipped="0" failures="0">
  <properties>
    <property name="java.specification.version" value="15"/>
    <property name="sun.cpu.isalist" value="amd64"/>
    <property name="sun.jnu.encoding" value="Cp1252"/>
    <property name="java.class.path" value="C:\Users\Developer\Documents\workspace-spring-tool-suite\AVS-publisher\target\test-classes;C:\Users\Developer\Documents\workspace-spring-tool-suite\AVS-publisher\target\classes;C:\Users\Developer\.m2\repository\org\apache\camel\springboot\camel-spring-boot-starter\3.8.0\camel-spring-boot-starter-3.8.0.jar;C:\Users\Developer\.m2\repository\org\springframework\boot\spring-boot-starter\2.4.3\spring-boot-starter-2.4.3.jar;C:\Users\Developer\.m2\repository\org\springframework\boot\spring-boot\2.4.3\spring-boot-2.4.3.jar;C:\Users\Developer\.m2\repository\org\springframework\spring-context\5.3.4\spring-context-5.3.4.jar;C:\Users\Developer\.m2\repository\org\springframework\boot\spring-boot-autoconfigure\2.4.3\spring-boot-autoconfigure-2.4.3.jar;C:\Users\Developer\.m2\repository\org\springframework\boot\spring-boot-starter-logging\2.4.3\spring-boot-starter-logging-2.4.3.jar;C:\Users\Developer\.m2\repository\ch\qos\logback\logback-classic\1.2.3\logback-classic-1.2.3.jar;C:\Users\Developer\.m2\repository\ch\qos\logback\logback-core\1.2.3\logback-core-1.2.3.jar;C:\Users\Developer\.m2\repository\org\apache\logging\log4j\log4j-to-slf4j\2.13.3\log4j-to-slf4j-2.13.3.jar;C:\Users\Developer\.m2\repository\org\apache\logging\log4j\log4j-api\2.13.3\log4j-api-2.13.3.jar;C:\Users\Developer\.m2\repository\org\slf4j\jul-to-slf4j\1.7.30\jul-to-slf4j-1.7.30.jar;C:\Users\Developer\.m2\repository\jakarta\annotation\jakarta.annotation-api\1.3.5\jakarta.annotation-api-1.3.5.jar;C:\Users\Developer\.m2\repository\org\yaml\snakeyaml\1.27\snakeyaml-1.27.jar;C:\Users\Developer\.m2\repository\org\apache\camel\springboot\camel-spring-boot\3.8.0\camel-spring-boot-3.8.0.jar;C:\Users\Developer\.m2\repository\org\apache\camel\camel-spring\3.8.0\camel-spring-3.8.0.jar;C:\Users\Developer\.m2\repository\org\apache\camel\camel-core-engine\3.8.0\camel-core-engine-3.8.0.jar;C:\Users\Developer\.m2\repository\org\apache\camel\camel-core-reifier\3.8.0\camel-core-reifier-3.8.0.jar;C:\Users\Developer\.m2\repository\org\apache\camel\camel-xml-jaxb\3.8.0\camel-xml-jaxb-3.8.0.jar;C:\Users\Developer\.m2\repository\com\sun\xml\bind\jaxb-core\2.3.0\jaxb-core-2.3.0.jar;C:\Users\Developer\.m2\repository\com\sun\xml\bind\jaxb-impl\2.3.3\jaxb-impl-2.3.3.jar;C:\Users\Developer\.m2\repository\com\sun\activation\jakarta.activation\1.2.2\jakarta.activation-1.2.2.jar;C:\Users\Developer\.m2\repository\org\apache\camel\camel-xml-jaxp\3.8.0\camel-xml-jaxp-3.8.0.jar;C:\Users\Developer\.m2\repository\org\apache\camel\camel-bean\3.8.0\camel-bean-3.8.0.jar;C:\Users\Developer\.m2\repository\org\apache\camel\camel-management-api\3.8.0\camel-management-api-3.8.0.jar;C:\Users\Developer\.m2\repository\org\apache\camel\camel-core-xml\3.8.0\camel-core-xml-3.8.0.jar;C:\Users\Developer\.m2\repository\org\springframework\spring-aop\5.3.4\spring-aop-5.3.4.jar;C:\Users\Developer\.m2\repository\org\springframework\spring-beans\5.3.4\spring-beans-5.3.4.jar;C:\Users\Developer\.m2\repository\org\springframework\spring-expression\5.3.4\spring-expression-5.3.4.jar;C:\Users\Developer\.m2\repository\org\springframework\spring-tx\5.3.4\spring-tx-5.3.4.jar;C:\Users\Developer\.m2\repository\org\apache\camel\camel-cloud\3.8.0\camel-cloud-3.8.0.jar;C:\Users\Developer\.m2\repository\org\apache\camel\camel-core-model\3.8.0\camel-core-model-3.8.0.jar;C:\Users\Developer\.m2\repository\org\apache\camel\camel-core-processor\3.8.0\camel-core-processor-3.8.0.jar;C:\Users\Developer\.m2\repository\org\apache\camel\camel-cluster\3.8.0\camel-cluster-3.8.0.jar;C:\Users\Developer\.m2\repository\org\apache\camel\camel-base-engine\3.8.0\camel-base-engine-3.8.0.jar;C:\Users\Developer\.m2\repository\org\apache\camel\camel-core-catalog\3.8.0\camel-core-catalog-3.8.0.jar;C:\Users\Developer\.m2\repository\org\apache\camel\camel-api\3.8.0\camel-api-3.8.0.jar;C:\Users\Developer\.m2\repository\org\apache\camel\camel-tooling-model\3.8.0\camel-tooling-model-3.8.0.jar;C:\Users\Developer\.m2\repository\org\apache\camel\camel-util-json\3.8.0\camel-util-json-3.8.0.jar;C:\Users\Developer\.m2\repository\org\apache\camel\camel-health\3.8.0\camel-health-3.8.0.jar;C:\Users\Developer\.m2\repository\org\apache\camel\camel-main\3.8.0\camel-main-3.8.0.jar;C:\Users\Developer\.m2\repository\org\apache\camel\camel-base\3.8.0\camel-base-3.8.0.jar;C:\Users\Developer\.m2\repository\org\apache\camel\camel-util\3.8.0\camel-util-3.8.0.jar;C:\Users\Developer\.m2\repository\org\apache\camel\camel-core-languages\3.8.0\camel-core-languages-3.8.0.jar;C:\Users\Developer\.m2\repository\org\apache\camel\springboot\camel-core-starter\3.8.0\camel-core-starter-3.8.0.jar;C:\Users\Developer\.m2\repository\org\apache\camel\camel-core\3.8.0\camel-core-3.8.0.jar;C:\Users\Developer\.m2\repository\org\apache\camel\camel-browse\3.8.0\camel-browse-3.8.0.jar;C:\Users\Developer\.m2\repository\org\apache\camel\camel-controlbus\3.8.0\camel-controlbus-3.8.0.jar;C:\Users\Developer\.m2\repository\org\apache\camel\camel-dataformat\3.8.0\camel-dataformat-3.8.0.jar;C:\Users\Developer\.m2\repository\org\apache\camel\camel-dataset\3.8.0\camel-dataset-3.8.0.jar;C:\Users\Developer\.m2\repository\org\apache\camel\camel-direct\3.8.0\camel-direct-3.8.0.jar;C:\Users\Developer\.m2\repository\org\apache\camel\camel-directvm\3.8.0\camel-directvm-3.8.0.jar;C:\Users\Developer\.m2\repository\org\apache\camel\camel-file\3.8.0\camel-file-3.8.0.jar;C:\Users\Developer\.m2\repository\org\apache\camel\camel-language\3.8.0\camel-language-3.8.0.jar;C:\Users\Developer\.m2\repository\org\apache\camel\camel-log\3.8.0\camel-log-3.8.0.jar;C:\Users\Developer\.m2\repository\org\apache\camel\camel-mock\3.8.0\camel-mock-3.8.0.jar;C:\Users\Developer\.m2\repository\org\apache\camel\camel-ref\3.8.0\camel-ref-3.8.0.jar;C:\Users\Developer\.m2\repository\org\apache\camel\camel-rest\3.8.0\camel-rest-3.8.0.jar;C:\Users\Developer\.m2\repository\org\apache\camel\camel-saga\3.8.0\camel-saga-3.8.0.jar;C:\Users\Developer\.m2\repository\org\apache\camel\camel-scheduler\3.8.0\camel-scheduler-3.8.0.jar;C:\Users\Developer\.m2\repository\org\apache\camel\camel-seda\3.8.0\camel-seda-3.8.0.jar;C:\Users\Developer\.m2\repository\org\apache\camel\camel-stub\3.8.0\camel-stub-3.8.0.jar;C:\Users\Developer\.m2\repository\org\apache\camel\camel-timer\3.8.0\camel-timer-3.8.0.jar;C:\Users\Developer\.m2\repository\org\apache\camel\camel-validator\3.8.0\camel-validator-3.8.0.jar;C:\Users\Developer\.m2\repository\org\apache\camel\camel-vm\3.8.0\camel-vm-3.8.0.jar;C:\Users\Developer\.m2\repository\org\apache\camel\camel-xpath\3.8.0\camel-xpath-3.8.0.jar;C:\Users\Developer\.m2\repository\org\apache\camel\camel-xslt\3.8.0\camel-xslt-3.8.0.jar;C:\Users\Developer\.m2\repository\org\springframework\boot\spring-boot-starter-test\2.4.3\spring-boot-starter-test-2.4.3.jar;C:\Users\Developer\.m2\repository\org\springframework\boot\spring-boot-test\2.4.3\spring-boot-test-2.4.3.jar;C:\Users\Developer\.m2\repository\org\springframework\boot\spring-boot-test-autoconfigure\2.4.3\spring-boot-test-autoconfigure-2.4.3.jar;C:\Users\Developer\.m2\repository\com\jayway\jsonpath\json-path\2.4.0\json-path-2.4.0.jar;C:\Users\Developer\.m2\repository\net\minidev\json-smart\2.3\json-smart-2.3.jar;C:\Users\Developer\.m2\repository\net\minidev\accessors-smart\1.2\accessors-smart-1.2.jar;C:\Users\Developer\.m2\repository\org\ow2\asm\asm\5.0.4\asm-5.0.4.jar;C:\Users\Developer\.m2\repository\org\slf4j\slf4j-api\1.7.30\slf4j-api-1.7.30.jar;C:\Users\Developer\.m2\repository\jakarta\xml\bind\jakarta.xml.bind-api\2.3.3\jakarta.xml.bind-api-2.3.3.jar;C:\Users\Developer\.m2\repository\jakarta\activation\jakarta.activation-api\1.2.2\jakarta.activation-api-1.2.2.jar;C:\Users\Developer\.m2\repository\org\assertj\assertj-core\3.18.1\assertj-core-3.18.1.jar;C:\Users\Developer\.m2\repository\org\hamcrest\hamcrest\2.2\hamcrest-2.2.jar;C:\Users\Developer\.m2\repository\org\junit\jupiter\junit-jupiter\5.7.1\junit-jupiter-5.7.1.jar;C:\Users\Developer\.m2\repository\org\junit\jupiter\junit-jupiter-api\5.7.1\junit-jupiter-api-5.7.1.jar;C:\Users\Developer\.m2\repository\org\apiguardian\apiguardian-api\1.1.0\apiguardian-api-1.1.0.jar;C:\Users\Developer\.m2\repository\org\opentest4j\opentest4j\1.2.0\opentest4j-1.2.0.jar;C:\Users\Developer\.m2\repository\org\junit\platform\junit-platform-commons\1.7.1\junit-platform-commons-1.7.1.jar;C:\Users\Developer\.m2\repository\org\junit\jupiter\junit-jupiter-params\5.7.1\junit-jupiter-params-5.7.1.jar;C:\Users\Developer\.m2\repository\org\junit\jupiter\junit-jupiter-engine\5.7.1\junit-jupiter-engine-5.7.1.jar;C:\Users\Developer\.m2\repository\org\junit\platform\junit-platform-engine\1.7.1\junit-platform-engine-1.7.1.jar;C:\Users\Developer\.m2\repository\org\mockito\mockito-core\3.6.28\mockito-core-3.6.28.jar;C:\Users\Developer\.m2\repository\net\bytebuddy\byte-buddy\1.10.20\byte-buddy-1.10.20.jar;C:\Users\Developer\.m2\repository\net\bytebuddy\byte-buddy-agent\1.10.20\byte-buddy-agent-1.10.20.jar;C:\Users\Developer\.m2\repository\org\objenesis\objenesis\3.1\objenesis-3.1.jar;C:\Users\Developer\.m2\repository\org\mockito\mockito-junit-jupiter\3.6.28\mockito-junit-jupiter-3.6.28.jar;C:\Users\Developer\.m2\repository\org\skyscreamer\jsonassert\1.5.0\jsonassert-1.5.0.jar;C:\Users\Developer\.m2\repository\com\vaadin\external\google\android-json\0.0.20131108.vaadin1\android-json-0.0.20131108.vaadin1.jar;C:\Users\Developer\.m2\repository\org\springframework\spring-core\5.3.4\spring-core-5.3.4.jar;C:\Users\Developer\.m2\repository\org\springframework\spring-jcl\5.3.4\spring-jcl-5.3.4.jar;C:\Users\Developer\.m2\repository\org\springframework\spring-test\5.3.4\spring-test-5.3.4.jar;C:\Users\Developer\.m2\repository\org\xmlunit\xmlunit-core\2.7.0\xmlunit-core-2.7.0.jar;C:\Users\Developer\.m2\repository\org\apache\camel\springboot\camel-stream-starter\3.8.0\camel-stream-starter-3.8.0.jar;C:\Users\Developer\.m2\repository\org\apache\camel\camel-stream\3.8.0\camel-stream-3.8.0.jar;C:\Users\Developer\.m2\repository\org\apache\camel\camel-support\3.8.0\camel-support-3.8.0.jar;C:\Users\Developer\.m2\repository\org\apache\camel\springboot\camel-google-pubsub-starter\3.8.0\camel-google-pubsub-starter-3.8.0.jar;C:\Users\Developer\.m2\repository\org\apache\camel\camel-google-pubsub\3.8.0\camel-google-pubsub-3.8.0.jar;C:\Users\Developer\.m2\repository\com\google\cloud\google-cloud-pubsub\1.110.3\google-cloud-pubsub-1.110.3.jar;C:\Users\Developer\.m2\repository\io\grpc\grpc-api\1.34.1\grpc-api-1.34.1.jar;C:\Users\Developer\.m2\repository\io\grpc\grpc-context\1.34.1\grpc-context-1.34.1.jar;C:\Users\Developer\.m2\repository\org\codehaus\mojo\animal-sniffer-annotations\1.19\animal-sniffer-annotations-1.19.jar;C:\Users\Developer\.m2\repository\io\grpc\grpc-stub\1.34.1\grpc-stub-1.34.1.jar;C:\Users\Developer\.m2\repository\io\grpc\grpc-protobuf\1.34.1\grpc-protobuf-1.34.1.jar;C:\Users\Developer\.m2\repository\io\grpc\grpc-protobuf-lite\1.34.1\grpc-protobuf-lite-1.34.1.jar;C:\Users\Developer\.m2\repository\com\google\api\api-common\1.10.1\api-common-1.10.1.jar;C:\Users\Developer\.m2\repository\javax\annotation\javax.annotation-api\1.3.2\javax.annotation-api-1.3.2.jar;C:\Users\Developer\.m2\repository\com\google\protobuf\protobuf-java\3.14.0\protobuf-java-3.14.0.jar;C:\Users\Developer\.m2\repository\com\google\api\grpc\proto-google-common-protos\2.0.1\proto-google-common-protos-2.0.1.jar;C:\Users\Developer\.m2\repository\com\google\api\grpc\proto-google-cloud-pubsub-v1\1.92.3\proto-google-cloud-pubsub-v1-1.92.3.jar;C:\Users\Developer\.m2\repository\com\google\api\grpc\proto-google-iam-v1\1.0.5\proto-google-iam-v1-1.0.5.jar;C:\Users\Developer\.m2\repository\com\google\guava\guava\30.1-android\guava-30.1-android.jar;C:\Users\Developer\.m2\repository\com\google\guava\failureaccess\1.0.1\failureaccess-1.0.1.jar;C:\Users\Developer\.m2\repository\com\google\guava\listenablefuture\9999.0-empty-to-avoid-conflict-with-guava\listenablefuture-9999.0-empty-to-avoid-conflict-with-guava.jar;C:\Users\Developer\.m2\repository\org\checkerframework\checker-compat-qual\2.5.5\checker-compat-qual-2.5.5.jar;C:\Users\Developer\.m2\repository\com\google\j2objc\j2objc-annotations\1.3\j2objc-annotations-1.3.jar;C:\Users\Developer\.m2\repository\com\google\api\gax\1.60.1\gax-1.60.1.jar;C:\Users\Developer\.m2\repository\com\google\auth\google-auth-library-oauth2-http\0.22.2\google-auth-library-oauth2-http-0.22.2.jar;C:\Users\Developer\.m2\repository\com\google\http-client\google-http-client-jackson2\1.38.0\google-http-client-jackson2-1.38.0.jar;C:\Users\Developer\.m2\repository\com\fasterxml\jackson\core\jackson-core\2.11.4\jackson-core-2.11.4.jar;C:\Users\Developer\.m2\repository\com\google\api\gax-grpc\1.60.1\gax-grpc-1.60.1.jar;C:\Users\Developer\.m2\repository\io\grpc\grpc-auth\1.34.1\grpc-auth-1.34.1.jar;C:\Users\Developer\.m2\repository\com\google\auth\google-auth-library-credentials\0.22.2\google-auth-library-credentials-0.22.2.jar;C:\Users\Developer\.m2\repository\io\grpc\grpc-netty-shaded\1.34.1\grpc-netty-shaded-1.34.1.jar;C:\Users\Developer\.m2\repository\io\grpc\grpc-alts\1.34.1\grpc-alts-1.34.1.jar;C:\Users\Developer\.m2\repository\io\grpc\grpc-grpclb\1.34.1\grpc-grpclb-1.34.1.jar;C:\Users\Developer\.m2\repository\com\google\protobuf\protobuf-java-util\3.14.0\protobuf-java-util-3.14.0.jar;C:\Users\Developer\.m2\repository\org\apache\commons\commons-lang3\3.11\commons-lang3-3.11.jar;C:\Users\Developer\.m2\repository\org\conscrypt\conscrypt-openjdk-uber\2.5.1\conscrypt-openjdk-uber-2.5.1.jar;C:\Users\Developer\.m2\repository\org\threeten\threetenbp\1.5.0\threetenbp-1.5.0.jar;C:\Users\Developer\.m2\repository\com\google\code\findbugs\jsr305\3.0.2\jsr305-3.0.2.jar;C:\Users\Developer\.m2\repository\io\opencensus\opencensus-api\0.24.0\opencensus-api-0.24.0.jar;C:\Users\Developer\.m2\repository\io\grpc\grpc-core\1.34.1\grpc-core-1.34.1.jar;C:\Users\Developer\.m2\repository\com\google\code\gson\gson\2.8.6\gson-2.8.6.jar;C:\Users\Developer\.m2\repository\com\google\android\annotations\4.1.1.4\annotations-4.1.1.4.jar;C:\Users\Developer\.m2\repository\io\perfmark\perfmark-api\0.19.0\perfmark-api-0.19.0.jar;C:\Users\Developer\.m2\repository\com\google\errorprone\error_prone_annotations\2.4.0\error_prone_annotations-2.4.0.jar;C:\Users\Developer\.m2\repository\com\google\auto\value\auto-value-annotations\1.7.4\auto-value-annotations-1.7.4.jar;C:\Users\Developer\.m2\repository\com\google\http-client\google-http-client\1.38.0\google-http-client-1.38.0.jar;C:\Users\Developer\.m2\repository\org\apache\httpcomponents\httpclient\4.5.13\httpclient-4.5.13.jar;C:\Users\Developer\.m2\repository\commons-codec\commons-codec\1.15\commons-codec-1.15.jar;C:\Users\Developer\.m2\repository\org\apache\httpcomponents\httpcore\4.4.14\httpcore-4.4.14.jar;C:\Users\Developer\.m2\repository\io\opencensus\opencensus-contrib-http-util\0.24.0\opencensus-contrib-http-util-0.24.0.jar;"/>
    <property name="java.vm.vendor" value="Oracle Corporation"/>
    <property name="sun.arch.data.model" value="64"/>
    <property name="user.variant" value=""/>
    <property name="java.vendor.url" value="https://java.oracle.com/"/>
    <property name="user.timezone" value="Asia/Calcutta"/>
    <property name="os.name" value="Windows 10"/>
    <property name="java.vm.specification.version" value="15"/>
    <property name="sun.java.launcher" value="SUN_STANDARD"/>
    <property name="user.country" value="IN"/>
    <property name="sun.boot.library.path" value="C:\Program Files\Java\jdk-15\bin"/>
    <property name="sun.java.command" value="C:\Users\DEVELO~1\AppData\Local\Temp\surefire4870136913897165380\surefirebooter2720888404618768704.jar C:\Users\Developer\AppData\Local\Temp\surefire4870136913897165380 2021-04-08T15-31-45_818-jvmRun1 surefire14128304037285725530tmp surefire_03131462668924312870tmp"/>
    <property name="jdk.debug" value="release"/>
    <property name="surefire.test.class.path" value="C:\Users\Developer\Documents\workspace-spring-tool-suite\AVS-publisher\target\test-classes;C:\Users\Developer\Documents\workspace-spring-tool-suite\AVS-publisher\target\classes;C:\Users\Developer\.m2\repository\org\apache\camel\springboot\camel-spring-boot-starter\3.8.0\camel-spring-boot-starter-3.8.0.jar;C:\Users\Developer\.m2\repository\org\springframework\boot\spring-boot-starter\2.4.3\spring-boot-starter-2.4.3.jar;C:\Users\Developer\.m2\repository\org\springframework\boot\spring-boot\2.4.3\spring-boot-2.4.3.jar;C:\Users\Developer\.m2\repository\org\springframework\spring-context\5.3.4\spring-context-5.3.4.jar;C:\Users\Developer\.m2\repository\org\springframework\boot\spring-boot-autoconfigure\2.4.3\spring-boot-autoconfigure-2.4.3.jar;C:\Users\Developer\.m2\repository\org\springframework\boot\spring-boot-starter-logging\2.4.3\spring-boot-starter-logging-2.4.3.jar;C:\Users\Developer\.m2\repository\ch\qos\logback\logback-classic\1.2.3\logback-classic-1.2.3.jar;C:\Users\Developer\.m2\repository\ch\qos\logback\logback-core\1.2.3\logback-core-1.2.3.jar;C:\Users\Developer\.m2\repository\org\apache\logging\log4j\log4j-to-slf4j\2.13.3\log4j-to-slf4j-2.13.3.jar;C:\Users\Developer\.m2\repository\org\apache\logging\log4j\log4j-api\2.13.3\log4j-api-2.13.3.jar;C:\Users\Developer\.m2\repository\org\slf4j\jul-to-slf4j\1.7.30\jul-to-slf4j-1.7.30.jar;C:\Users\Developer\.m2\repository\jakarta\annotation\jakarta.annotation-api\1.3.5\jakarta.annotation-api-1.3.5.jar;C:\Users\Developer\.m2\repository\org\yaml\snakeyaml\1.27\snakeyaml-1.27.jar;C:\Users\Developer\.m2\repository\org\apache\camel\springboot\camel-spring-boot\3.8.0\camel-spring-boot-3.8.0.jar;C:\Users\Developer\.m2\repository\org\apache\camel\camel-spring\3.8.0\camel-spring-3.8.0.jar;C:\Users\Developer\.m2\repository\org\apache\camel\camel-core-engine\3.8.0\camel-core-engine-3.8.0.jar;C:\Users\Developer\.m2\repository\org\apache\camel\camel-core-reifier\3.8.0\camel-core-reifier-3.8.0.jar;C:\Users\Developer\.m2\repository\org\apache\camel\camel-xml-jaxb\3.8.0\camel-xml-jaxb-3.8.0.jar;C:\Users\Developer\.m2\repository\com\sun\xml\bind\jaxb-core\2.3.0\jaxb-core-2.3.0.jar;C:\Users\Developer\.m2\repository\com\sun\xml\bind\jaxb-impl\2.3.3\jaxb-impl-2.3.3.jar;C:\Users\Developer\.m2\repository\com\sun\activation\jakarta.activation\1.2.2\jakarta.activation-1.2.2.jar;C:\Users\Developer\.m2\repository\org\apache\camel\camel-xml-jaxp\3.8.0\camel-xml-jaxp-3.8.0.jar;C:\Users\Developer\.m2\repository\org\apache\camel\camel-bean\3.8.0\camel-bean-3.8.0.jar;C:\Users\Developer\.m2\repository\org\apache\camel\camel-management-api\3.8.0\camel-management-api-3.8.0.jar;C:\Users\Developer\.m2\repository\org\apache\camel\camel-core-xml\3.8.0\camel-core-xml-3.8.0.jar;C:\Users\Developer\.m2\repository\org\springframework\spring-aop\5.3.4\spring-aop-5.3.4.jar;C:\Users\Developer\.m2\repository\org\springframework\spring-beans\5.3.4\spring-beans-5.3.4.jar;C:\Users\Developer\.m2\repository\org\springframework\spring-expression\5.3.4\spring-expression-5.3.4.jar;C:\Users\Developer\.m2\repository\org\springframework\spring-tx\5.3.4\spring-tx-5.3.4.jar;C:\Users\Developer\.m2\repository\org\apache\camel\camel-cloud\3.8.0\camel-cloud-3.8.0.jar;C:\Users\Developer\.m2\repository\org\apache\camel\camel-core-model\3.8.0\camel-core-model-3.8.0.jar;C:\Users\Developer\.m2\repository\org\apache\camel\camel-core-processor\3.8.0\camel-core-processor-3.8.0.jar;C:\Users\Developer\.m2\repository\org\apache\camel\camel-cluster\3.8.0\camel-cluster-3.8.0.jar;C:\Users\Developer\.m2\repository\org\apache\camel\camel-base-engine\3.8.0\camel-base-engine-3.8.0.jar;C:\Users\Developer\.m2\repository\org\apache\camel\camel-core-catalog\3.8.0\camel-core-catalog-3.8.0.jar;C:\Users\Developer\.m2\repository\org\apache\camel\camel-api\3.8.0\camel-api-3.8.0.jar;C:\Users\Developer\.m2\repository\org\apache\camel\camel-tooling-model\3.8.0\camel-tooling-model-3.8.0.jar;C:\Users\Developer\.m2\repository\org\apache\camel\camel-util-json\3.8.0\camel-util-json-3.8.0.jar;C:\Users\Developer\.m2\repository\org\apache\camel\camel-health\3.8.0\camel-health-3.8.0.jar;C:\Users\Developer\.m2\repository\org\apache\camel\camel-main\3.8.0\camel-main-3.8.0.jar;C:\Users\Developer\.m2\repository\org\apache\camel\camel-base\3.8.0\camel-base-3.8.0.jar;C:\Users\Developer\.m2\repository\org\apache\camel\camel-util\3.8.0\camel-util-3.8.0.jar;C:\Users\Developer\.m2\repository\org\apache\camel\camel-core-languages\3.8.0\camel-core-languages-3.8.0.jar;C:\Users\Developer\.m2\repository\org\apache\camel\springboot\camel-core-starter\3.8.0\camel-core-starter-3.8.0.jar;C:\Users\Developer\.m2\repository\org\apache\camel\camel-core\3.8.0\camel-core-3.8.0.jar;C:\Users\Developer\.m2\repository\org\apache\camel\camel-browse\3.8.0\camel-browse-3.8.0.jar;C:\Users\Developer\.m2\repository\org\apache\camel\camel-controlbus\3.8.0\camel-controlbus-3.8.0.jar;C:\Users\Developer\.m2\repository\org\apache\camel\camel-dataformat\3.8.0\camel-dataformat-3.8.0.jar;C:\Users\Developer\.m2\repository\org\apache\camel\camel-dataset\3.8.0\camel-dataset-3.8.0.jar;C:\Users\Developer\.m2\repository\org\apache\camel\camel-direct\3.8.0\camel-direct-3.8.0.jar;C:\Users\Developer\.m2\repository\org\apache\camel\camel-directvm\3.8.0\camel-directvm-3.8.0.jar;C:\Users\Developer\.m2\repository\org\apache\camel\camel-file\3.8.0\camel-file-3.8.0.jar;C:\Users\Developer\.m2\repository\org\apache\camel\camel-language\3.8.0\camel-language-3.8.0.jar;C:\Users\Developer\.m2\repository\org\apache\camel\camel-log\3.8.0\camel-log-3.8.0.jar;C:\Users\Developer\.m2\repository\org\apache\camel\camel-mock\3.8.0\camel-mock-3.8.0.jar;C:\Users\Developer\.m2\repository\org\apache\camel\camel-ref\3.8.0\camel-ref-3.8.0.jar;C:\Users\Developer\.m2\repository\org\apache\camel\camel-rest\3.8.0\camel-rest-3.8.0.jar;C:\Users\Developer\.m2\repository\org\apache\camel\camel-saga\3.8.0\camel-saga-3.8.0.jar;C:\Users\Developer\.m2\repository\org\apache\camel\camel-scheduler\3.8.0\camel-scheduler-3.8.0.jar;C:\Users\Developer\.m2\repository\org\apache\camel\camel-seda\3.8.0\camel-seda-3.8.0.jar;C:\Users\Developer\.m2\repository\org\apache\camel\camel-stub\3.8.0\camel-stub-3.8.0.jar;C:\Users\Developer\.m2\repository\org\apache\camel\camel-timer\3.8.0\camel-timer-3.8.0.jar;C:\Users\Developer\.m2\repository\org\apache\camel\camel-validator\3.8.0\camel-validator-3.8.0.jar;C:\Users\Developer\.m2\repository\org\apache\camel\camel-vm\3.8.0\camel-vm-3.8.0.jar;C:\Users\Developer\.m2\repository\org\apache\camel\camel-xpath\3.8.0\camel-xpath-3.8.0.jar;C:\Users\Developer\.m2\repository\org\apache\camel\camel-xslt\3.8.0\camel-xslt-3.8.0.jar;C:\Users\Developer\.m2\repository\org\springframework\boot\spring-boot-starter-test\2.4.3\spring-boot-starter-test-2.4.3.jar;C:\Users\Developer\.m2\repository\org\springframework\boot\spring-boot-test\2.4.3\spring-boot-test-2.4.3.jar;C:\Users\Developer\.m2\repository\org\springframework\boot\spring-boot-test-autoconfigure\2.4.3\spring-boot-test-autoconfigure-2.4.3.jar;C:\Users\Developer\.m2\repository\com\jayway\jsonpath\json-path\2.4.0\json-path-2.4.0.jar;C:\Users\Developer\.m2\repository\net\minidev\json-smart\2.3\json-smart-2.3.jar;C:\Users\Developer\.m2\repository\net\minidev\accessors-smart\1.2\accessors-smart-1.2.jar;C:\Users\Developer\.m2\repository\org\ow2\asm\asm\5.0.4\asm-5.0.4.jar;C:\Users\Developer\.m2\repository\org\slf4j\slf4j-api\1.7.30\slf4j-api-1.7.30.jar;C:\Users\Developer\.m2\repository\jakarta\xml\bind\jakarta.xml.bind-api\2.3.3\jakarta.xml.bind-api-2.3.3.jar;C:\Users\Developer\.m2\repository\jakarta\activation\jakarta.activation-api\1.2.2\jakarta.activation-api-1.2.2.jar;C:\Users\Developer\.m2\repository\org\assertj\assertj-core\3.18.1\assertj-core-3.18.1.jar;C:\Users\Developer\.m2\repository\org\hamcrest\hamcrest\2.2\hamcrest-2.2.jar;C:\Users\Developer\.m2\repository\org\junit\jupiter\junit-jupiter\5.7.1\junit-jupiter-5.7.1.jar;C:\Users\Developer\.m2\repository\org\junit\jupiter\junit-jupiter-api\5.7.1\junit-jupiter-api-5.7.1.jar;C:\Users\Developer\.m2\repository\org\apiguardian\apiguardian-api\1.1.0\apiguardian-api-1.1.0.jar;C:\Users\Developer\.m2\repository\org\opentest4j\opentest4j\1.2.0\opentest4j-1.2.0.jar;C:\Users\Developer\.m2\repository\org\junit\platform\junit-platform-commons\1.7.1\junit-platform-commons-1.7.1.jar;C:\Users\Developer\.m2\repository\org\junit\jupiter\junit-jupiter-params\5.7.1\junit-jupiter-params-5.7.1.jar;C:\Users\Developer\.m2\repository\org\junit\jupiter\junit-jupiter-engine\5.7.1\junit-jupiter-engine-5.7.1.jar;C:\Users\Developer\.m2\repository\org\junit\platform\junit-platform-engine\1.7.1\junit-platform-engine-1.7.1.jar;C:\Users\Developer\.m2\repository\org\mockito\mockito-core\3.6.28\mockito-core-3.6.28.jar;C:\Users\Developer\.m2\repository\net\bytebuddy\byte-buddy\1.10.20\byte-buddy-1.10.20.jar;C:\Users\Developer\.m2\repository\net\bytebuddy\byte-buddy-agent\1.10.20\byte-buddy-agent-1.10.20.jar;C:\Users\Developer\.m2\repository\org\objenesis\objenesis\3.1\objenesis-3.1.jar;C:\Users\Developer\.m2\repository\org\mockito\mockito-junit-jupiter\3.6.28\mockito-junit-jupiter-3.6.28.jar;C:\Users\Developer\.m2\repository\org\skyscreamer\jsonassert\1.5.0\jsonassert-1.5.0.jar;C:\Users\Developer\.m2\repository\com\vaadin\external\google\android-json\0.0.20131108.vaadin1\android-json-0.0.20131108.vaadin1.jar;C:\Users\Developer\.m2\repository\org\springframework\spring-core\5.3.4\spring-core-5.3.4.jar;C:\Users\Developer\.m2\repository\org\springframework\spring-jcl\5.3.4\spring-jcl-5.3.4.jar;C:\Users\Developer\.m2\repository\org\springframework\spring-test\5.3.4\spring-test-5.3.4.jar;C:\Users\Developer\.m2\repository\org\xmlunit\xmlunit-core\2.7.0\xmlunit-core-2.7.0.jar;C:\Users\Developer\.m2\repository\org\apache\camel\springboot\camel-stream-starter\3.8.0\camel-stream-starter-3.8.0.jar;C:\Users\Developer\.m2\repository\org\apache\camel\camel-stream\3.8.0\camel-stream-3.8.0.jar;C:\Users\Developer\.m2\repository\org\apache\camel\camel-support\3.8.0\camel-support-3.8.0.jar;C:\Users\Developer\.m2\repository\org\apache\camel\springboot\camel-google-pubsub-starter\3.8.0\camel-google-pubsub-starter-3.8.0.jar;C:\Users\Developer\.m2\repository\org\apache\camel\camel-google-pubsub\3.8.0\camel-google-pubsub-3.8.0.jar;C:\Users\Developer\.m2\repository\com\google\cloud\google-cloud-pubsub\1.110.3\google-cloud-pubsub-1.110.3.jar;C:\Users\Developer\.m2\repository\io\grpc\grpc-api\1.34.1\grpc-api-1.34.1.jar;C:\Users\Developer\.m2\repository\io\grpc\grpc-context\1.34.1\grpc-context-1.34.1.jar;C:\Users\Developer\.m2\repository\org\codehaus\mojo\animal-sniffer-annotations\1.19\animal-sniffer-annotations-1.19.jar;C:\Users\Developer\.m2\repository\io\grpc\grpc-stub\1.34.1\grpc-stub-1.34.1.jar;C:\Users\Developer\.m2\repository\io\grpc\grpc-protobuf\1.34.1\grpc-protobuf-1.34.1.jar;C:\Users\Developer\.m2\repository\io\grpc\grpc-protobuf-lite\1.34.1\grpc-protobuf-lite-1.34.1.jar;C:\Users\Developer\.m2\repository\com\google\api\api-common\1.10.1\api-common-1.10.1.jar;C:\Users\Developer\.m2\repository\javax\annotation\javax.annotation-api\1.3.2\javax.annotation-api-1.3.2.jar;C:\Users\Developer\.m2\repository\com\google\protobuf\protobuf-java\3.14.0\protobuf-java-3.14.0.jar;C:\Users\Developer\.m2\repository\com\google\api\grpc\proto-google-common-protos\2.0.1\proto-google-common-protos-2.0.1.jar;C:\Users\Developer\.m2\repository\com\google\api\grpc\proto-google-cloud-pubsub-v1\1.92.3\proto-google-cloud-pubsub-v1-1.92.3.jar;C:\Users\Developer\.m2\repository\com\google\api\grpc\proto-google-iam-v1\1.0.5\proto-google-iam-v1-1.0.5.jar;C:\Users\Developer\.m2\repository\com\google\guava\guava\30.1-android\guava-30.1-android.jar;C:\Users\Developer\.m2\repository\com\google\guava\failureaccess\1.0.1\failureaccess-1.0.1.jar;C:\Users\Developer\.m2\repository\com\google\guava\listenablefuture\9999.0-empty-to-avoid-conflict-with-guava\listenablefuture-9999.0-empty-to-avoid-conflict-with-guava.jar;C:\Users\Developer\.m2\repository\org\checkerframework\checker-compat-qual\2.5.5\checker-compat-qual-2.5.5.jar;C:\Users\Developer\.m2\repository\com\google\j2objc\j2objc-annotations\1.3\j2objc-annotations-1.3.jar;C:\Users\Developer\.m2\repository\com\google\api\gax\1.60.1\gax-1.60.1.jar;C:\Users\Developer\.m2\repository\com\google\auth\google-auth-library-oauth2-http\0.22.2\google-auth-library-oauth2-http-0.22.2.jar;C:\Users\Developer\.m2\repository\com\google\http-client\google-http-client-jackson2\1.38.0\google-http-client-jackson2-1.38.0.jar;C:\Users\Developer\.m2\repository\com\fasterxml\jackson\core\jackson-core\2.11.4\jackson-core-2.11.4.jar;C:\Users\Developer\.m2\repository\com\google\api\gax-grpc\1.60.1\gax-grpc-1.60.1.jar;C:\Users\Developer\.m2\repository\io\grpc\grpc-auth\1.34.1\grpc-auth-1.34.1.jar;C:\Users\Developer\.m2\repository\com\google\auth\google-auth-library-credentials\0.22.2\google-auth-library-credentials-0.22.2.jar;C:\Users\Developer\.m2\repository\io\grpc\grpc-netty-shaded\1.34.1\grpc-netty-shaded-1.34.1.jar;C:\Users\Developer\.m2\repository\io\grpc\grpc-alts\1.34.1\grpc-alts-1.34.1.jar;C:\Users\Developer\.m2\repository\io\grpc\grpc-grpclb\1.34.1\grpc-grpclb-1.34.1.jar;C:\Users\Developer\.m2\repository\com\google\protobuf\protobuf-java-util\3.14.0\protobuf-java-util-3.14.0.jar;C:\Users\Developer\.m2\repository\org\apache\commons\commons-lang3\3.11\commons-lang3-3.11.jar;C:\Users\Developer\.m2\repository\org\conscrypt\conscrypt-openjdk-uber\2.5.1\conscrypt-openjdk-uber-2.5.1.jar;C:\Users\Developer\.m2\repository\org\threeten\threetenbp\1.5.0\threetenbp-1.5.0.jar;C:\Users\Developer\.m2\repository\com\google\code\findbugs\jsr305\3.0.2\jsr305-3.0.2.jar;C:\Users\Developer\.m2\repository\io\opencensus\opencensus-api\0.24.0\opencensus-api-0.24.0.jar;C:\Users\Developer\.m2\repository\io\grpc\grpc-core\1.34.1\grpc-core-1.34.1.jar;C:\Users\Developer\.m2\repository\com\google\code\gson\gson\2.8.6\gson-2.8.6.jar;C:\Users\Developer\.m2\repository\com\google\android\annotations\4.1.1.4\annotations-4.1.1.4.jar;C:\Users\Developer\.m2\repository\io\perfmark\perfmark-api\0.19.0\perfmark-api-0.19.0.jar;C:\Users\Developer\.m2\repository\com\google\errorprone\error_prone_annotations\2.4.0\error_prone_annotations-2.4.0.jar;C:\Users\Developer\.m2\repository\com\google\auto\value\auto-value-annotations\1.7.4\auto-value-annotations-1.7.4.jar;C:\Users\Developer\.m2\repository\com\google\http-client\google-http-client\1.38.0\google-http-client-1.38.0.jar;C:\Users\Developer\.m2\repository\org\apache\httpcomponents\httpclient\4.5.13\httpclient-4.5.13.jar;C:\Users\Developer\.m2\repository\commons-codec\commons-codec\1.15\commons-codec-1.15.jar;C:\Users\Developer\.m2\repository\org\apache\httpcomponents\httpcore\4.4.14\httpcore-4.4.14.jar;C:\Users\Developer\.m2\repository\io\opencensus\opencensus-contrib-http-util\0.24.0\opencensus-contrib-http-util-0.24.0.jar;"/>
    <property name="sun.cpu.endian" value="little"/>
    <property name="user.home" value="C:\Users\Developer"/>
    <property name="user.language" value="en"/>
    <property name="java.specification.vendor" value="Oracle Corporation"/>
    <property name="java.version.date" value="2020-09-15"/>
    <property name="java.home" value="C:\Program Files\Java\jdk-15"/>
    <property name="file.separator" value="\"/>
    <property name="basedir" value="C:\Users\Developer\Documents\workspace-spring-tool-suite\AVS-publisher"/>
    <property name="java.vm.compressedOopsMode" value="Zero based"/>
    <property name="line.separator" value="&#10;"/>
    <property name="java.vm.specification.vendor" value="Oracle Corporation"/>
    <property name="java.specification.name" value="Java Platform API Specification"/>
    <property name="surefire.real.class.path" value="C:\Users\DEVELO~1\AppData\Local\Temp\surefire4870136913897165380\surefirebooter2720888404618768704.jar"/>
    <property name="user.script" value=""/>
    <property name="sun.management.compiler" value="HotSpot 64-Bit Tiered Compilers"/>
    <property name="java.runtime.version" value="15+36-1562"/>
    <property name="user.name" value="Developer"/>
    <property name="path.separator" value=";"/>
    <property name="os.version" value="10.0"/>
    <property name="java.runtime.name" value="OpenJDK Runtime Environment"/>
    <property name="file.encoding" value="Cp1252"/>
    <property name="java.vm.name" value="OpenJDK 64-Bit Server VM"/>
    <property name="localRepository" value="C:\Users\Developer\.m2\repository"/>
    <property name="java.vendor.url.bug" value="https://bugreport.java.com/bugreport/"/>
    <property name="java.io.tmpdir" value="C:\Users\DEVELO~1\AppData\Local\Temp\"/>
    <property name="java.version" value="15"/>
    <property name="user.dir" value="C:\Users\Developer\Documents\workspace-spring-tool-suite\AVS-publisher"/>
    <property name="os.arch" value="amd64"/>
    <property name="java.vm.specification.name" value="Java Virtual Machine Specification"/>
    <property name="sun.os.patch.level" value=""/>
    <property name="java.library.path" value="C:\Program Files\Java\jdk-15\bin;C:\Windows\Sun\Java\bin;C:\Windows\system32;C:\Windows;C:\Users\Developer\bin;C:\Program Files\Git\mingw64\bin;C:\Program Files\Git\usr\local\bin;C:\Program Files\Git\usr\bin;C:\Program Files\Git\usr\bin;C:\Program Files\Git\mingw64\bin;C:\Program Files\Git\usr\bin;C:\Users\Developer\bin;C:\Program Files (x86)\Common Files\Oracle\Java\javapath;C:\Python38\Scripts;C:\Python38;C:\Program Files\NVIDIA GPU Computing Toolkit\CUDA\v10.2\bin;C:\Program Files\NVIDIA GPU Computing Toolkit\CUDA\v10.2\libnvvp;C:\ProgramData\Anaconda3;C:\ProgramData\Anaconda3\Library\mingw-w64\bin;C:\ProgramData\Anaconda3\Library\usr\bin;C:\ProgramData\Anaconda3\Library\bin;C:\ProgramData\Anaconda3\Scripts;C:\Program Files (x86)\Common Files\Intel\Shared Libraries\redist\intel64\compiler;C:\Windows\system32;C:\Windows;C:\Windows\System32\Wbem;C:\Windows\System32\WindowsPowerShell\v1.0;C:\Windows\System32\OpenSSH;C:\Program Files\NVIDIA Corporation\NVIDIA NvDLISR;C:\Program Files (x86)\NVIDIA Corporation\PhysX\Common;C:\Program Files\Intel\WiFi\bin;C:\Program Files\Common Files\Intel\WirelessCommon;C:\Program Files\Git\cmd;C:\Program Files\NVIDIA Corporation\Nsight Compute 2019.5.0;C:\Program Files\Amazon\AWSCLIV2;C:\Program Files\nodejs;C:\ProgramData\chocolatey\bin;C:\ffmpeg\bin;C:\Program Files\Java\jdk-15\bin;C:\Program Files\CMake\bin;C:\Program Files (x86)\Google\Cloud SDK\google-cloud-sdk\bin;C:\Program Files (x86)\sox-14-4-1;C:\flutter\bin;D:\Programs\sdk;D:\Programs\Android Studio\bin;C:\Program Files\Docker\Docker\resources\bin;C:\ProgramData\DockerDesktop\version-bin;C:\Users\Developer\AppData\Local\Microsoft\WindowsApps;C:\Program Files\JetBrains\PyCharm Community Edition with Anaconda plugin 2020.1.1\bin;C:\Users\Developer\AppData\Local\atom\bin;C:\Users\Developer\AppData\Local\Programs\Microsoft VS Code\bin;C:\Users\Developer\AppData\Roaming\npm;C:\Users\Developer\AppData\Local\Programs\Azure Data Studio\bin;C:\Windows\mongodb\bin;C:\Program Files\apache-maven-3.6.3\bin;C:\Program Files\Git\usr\bin\vendor_perl;C:\Program Files\Git\usr\bin\core_perl;."/>
    <property name="java.vm.info" value="mixed mode, sharing"/>
    <property name="java.vendor" value="Oracle Corporation"/>
    <property name="java.vm.version" value="15+36-1562"/>
    <property name="sun.io.unicode.encoding" value="UnicodeLittle"/>
    <property name="java.class.version" value="59.0"/>
  </properties>
  <testcase name="contextLoads" classname="avs.manager.demo.AvsPublisherApplicationTests" time="0.372"/>
</testsuite>